[2024-07-11T20:38:38.522Z] info: Probando log de nivel info
[2024-07-11T20:39:43.387Z] info: Probando log de nivel info
[2024-07-11T20:39:43.390Z] warning: Probando log de nivel warning
[2024-07-11T20:39:43.391Z] error: Probando log de nivel error
[2024-07-11T20:39:43.392Z] fatal: Probando log de nivel fatal
[2024-07-11T20:41:09.176Z] error: Error inesperado en el servidor: E11000 duplicate key error collection: ecommerse.products index: code_1 dup key: { code: "EX123" }
[2024-07-11T20:41:43.205Z] error: Error inesperado en el servidor: E11000 duplicate key error collection: ecommerse.products index: code_1 dup key: { code: "EX123" }
[2024-07-11T20:43:15.644Z] error: Error inesperado en el servidor: E11000 duplicate key error collection: ecommerse.products index: code_1 dup key: { code: "EX123" }
[2024-07-11T20:45:11.634Z] error: Error inesperado en el servidor: E11000 duplicate key error collection: ecommerse.products index: code_1 dup key: { code: "EX123" }
[2024-07-11T20:45:21.277Z] info: Producto agregado satisfactoriamente
[2024-07-11T20:46:27.271Z] info: Producto agregado satisfactoriamente
[2024-07-11T20:49:20.876Z] info: Producto agregado satisfactoriamente
[2024-07-11T20:50:03.609Z] info: Producto agregado satisfactoriamente
[2024-07-11T20:50:42.323Z] info: Producto agregado satisfactoriamente
[2024-07-11T20:51:17.423Z] info: Producto agregado satisfactoriamente
[2024-07-11T20:51:46.856Z] info: Producto agregado satisfactoriamente
[2024-07-11T20:52:52.677Z] info: Producto agregado satisfactoriamente
[2024-07-11T20:53:16.996Z] info: Producto agregado satisfactoriamente
[2024-07-11T20:54:23.441Z] info: Producto agregado satisfactoriamente
[2024-07-11T20:54:41.783Z] info: Producto agregado satisfactoriamente
[2024-07-11T20:55:03.731Z] info: Producto agregado satisfactoriamente
[2024-07-14T14:26:58.977Z] info: Producto agregado satisfactoriamente
[2024-07-14T14:43:28.936Z] info: Producto agregado satisfactoriamente
[2024-07-14T14:44:23.828Z] info: Producto agregado satisfactoriamente
[2024-07-14T14:46:22.890Z] info: Producto agregado satisfactoriamente
[2024-07-14T14:46:49.918Z] info: Producto agregado satisfactoriamente
[2024-07-14T14:47:59.417Z] info: Producto agregado satisfactoriamente
[2024-07-14T14:49:00.214Z] info: Producto agregado satisfactoriamente
[2024-07-14T14:51:12.384Z] info: Producto agregado satisfactoriamente
[2024-07-14T14:52:21.618Z] info: Producto agregado satisfactoriamente
[2024-07-14T14:52:49.594Z] info: Producto agregado satisfactoriamente
[2024-07-14T14:55:00.964Z] info: Producto agregado satisfactoriamente
[2024-07-14T14:59:10.678Z] info: Producto agregado satisfactoriamente
[2024-07-14T15:00:04.808Z] info: Producto agregado satisfactoriamente
[2024-07-14T15:00:30.850Z] info: Producto agregado satisfactoriamente
[2024-07-14T15:03:17.702Z] info: Producto agregado satisfactoriamente
[2024-07-14T15:11:42.704Z] info: Producto agregado satisfactoriamente
[2024-07-14T15:13:15.182Z] info: Producto agregado satisfactoriamente
[2024-07-14T15:13:56.229Z] info: Producto agregado satisfactoriamente
[2024-07-14T15:16:58.726Z] info: Producto agregado satisfactoriamente
[2024-07-14T15:20:58.108Z] info: Producto agregado satisfactoriamente
[2024-07-14T15:23:02.467Z] info: Producto agregado satisfactoriamente
[2024-07-14T15:29:10.569Z] info: Producto agregado satisfactoriamente
[2024-07-14T15:29:42.953Z] info: Producto agregado satisfactoriamente
[2024-07-14T15:31:38.783Z] info: Producto agregado satisfactoriamente
[2024-07-14T15:33:15.953Z] info: Producto agregado satisfactoriamente
[2024-07-14T15:40:41.658Z] info: Producto agregado satisfactoriamente
[2024-07-14T15:42:41.649Z] info: Producto agregado satisfactoriamente
[2024-07-14T15:45:46.663Z] info: Producto agregado satisfactoriamente
[2024-07-14T15:46:34.525Z] info: Producto agregado satisfactoriamente
[2024-07-14T15:48:17.700Z] info: Producto agregado satisfactoriamente
[2024-07-14T15:51:12.476Z] info: Producto agregado satisfactoriamente
[2024-07-14T15:55:06.486Z] info: Producto agregado satisfactoriamente
[2024-07-14T15:56:36.331Z] info: Producto agregado satisfactoriamente
[2024-07-14T15:59:44.790Z] info: Producto agregado satisfactoriamente
[2024-07-14T16:05:21.773Z] info: Producto agregado satisfactoriamente
[2024-07-14T16:08:27.407Z] info: Producto agregado satisfactoriamente
[2024-07-14T16:09:02.428Z] info: Producto agregado satisfactoriamente
[2024-07-14T16:10:35.394Z] info: Producto agregado satisfactoriamente
[2024-07-14T16:25:12.439Z] info: Producto agregado satisfactoriamente
[2024-07-14T16:26:46.698Z] info: Producto agregado satisfactoriamente
[2024-07-14T16:27:09.159Z] info: Producto agregado satisfactoriamente
[2024-07-14T16:32:28.194Z] info: Producto agregado satisfactoriamente
[2024-07-14T16:33:15.105Z] info: Producto agregado satisfactoriamente
[2024-07-14T16:34:40.814Z] info: Producto agregado satisfactoriamente
[2024-07-14T16:35:57.663Z] info: Producto agregado satisfactoriamente
